<?xml version="1.0" encoding="UTF-8"?>
<coverage generated="1779839504539" clover="3.2.0">
  <project timestamp="1779839504539" name="All files">
    <metrics statements="166" coveredstatements="158" conditionals="219" coveredconditionals="196" methods="39" coveredmethods="39" elements="424" coveredelements="393" complexity="0" loc="166" ncloc="166" packages="1" files="3" classes="3"/>
    <file name="booking-gate.js" path="/tmp/workspace/redirect11/karaoke-tana-test/scripts/booking-gate.js">
      <metrics statements="48" coveredstatements="46" conditionals="35" coveredconditionals="30" methods="11" coveredmethods="11"/>
      <line num="1" count="13" type="stmt"/>
      <line num="3" count="13" type="cond" truecount="1" falsecount="1"/>
      <line num="4" count="13" type="cond" truecount="2" falsecount="0"/>
      <line num="5" count="13" type="cond" truecount="2" falsecount="0"/>
      <line num="6" count="13" type="cond" truecount="2" falsecount="0"/>
      <line num="7" count="13" type="cond" truecount="2" falsecount="0"/>
      <line num="8" count="13" type="cond" truecount="2" falsecount="0"/>
      <line num="9" count="13" type="cond" truecount="2" falsecount="0"/>
      <line num="12" count="9" type="cond" truecount="1" falsecount="1"/>
      <line num="13" count="9" type="cond" truecount="2" falsecount="0"/>
      <line num="14" count="9" type="stmt"/>
      <line num="18" count="9" type="cond" truecount="1" falsecount="1"/>
      <line num="19" count="9" type="stmt"/>
      <line num="20" count="9" type="cond" truecount="2" falsecount="0"/>
      <line num="21" count="8" type="stmt"/>
      <line num="22" count="8" type="stmt"/>
      <line num="24" count="1" type="stmt"/>
      <line num="25" count="1" type="stmt"/>
      <line num="26" count="1" type="stmt"/>
      <line num="27" count="1" type="stmt"/>
      <line num="31" count="9" type="cond" truecount="1" falsecount="1"/>
      <line num="32" count="0" type="stmt"/>
      <line num="33" count="0" type="stmt"/>
      <line num="35" count="9" type="stmt"/>
      <line num="36" count="9" type="stmt"/>
      <line num="40" count="13" type="cond" truecount="4" falsecount="0"/>
      <line num="41" count="10" type="cond" truecount="5" falsecount="0"/>
      <line num="43" count="9" type="stmt"/>
      <line num="44" count="9" type="stmt"/>
      <line num="45" count="9" type="stmt"/>
      <line num="47" count="9" type="stmt"/>
      <line num="48" count="9" type="stmt"/>
      <line num="49" count="9" type="stmt"/>
      <line num="50" count="9" type="stmt"/>
      <line num="51" count="9" type="stmt"/>
      <line num="54" count="9" type="stmt"/>
      <line num="55" count="5" type="stmt"/>
      <line num="56" count="5" type="stmt"/>
      <line num="59" count="9" type="stmt"/>
      <line num="60" count="4" type="stmt"/>
      <line num="61" count="4" type="stmt"/>
      <line num="64" count="9" type="stmt"/>
      <line num="65" count="1" type="cond" truecount="1" falsecount="1"/>
      <line num="68" count="9" type="stmt"/>
      <line num="69" count="9" type="stmt"/>
      <line num="70" count="9" type="stmt"/>
      <line num="74" count="13" type="stmt"/>
      <line num="77" count="13" type="stmt"/>
    </file>
    <file name="karaoke-state.js" path="/tmp/workspace/redirect11/karaoke-tana-test/scripts/karaoke-state.js">
      <metrics statements="50" coveredstatements="47" conditionals="68" coveredconditionals="64" methods="7" coveredmethods="7"/>
      <line num="16" count="3" type="stmt"/>
      <line num="18" count="3" type="cond" truecount="3" falsecount="1"/>
      <line num="19" count="3" type="stmt"/>
      <line num="21" count="0" type="stmt"/>
      <line num="22" count="0" type="stmt"/>
      <line num="23" count="0" type="stmt"/>
      <line num="46" count="39" type="cond" truecount="2" falsecount="0"/>
      <line num="47" count="4" type="stmt"/>
      <line num="50" count="35" type="cond" truecount="2" falsecount="0"/>
      <line num="51" count="8" type="stmt"/>
      <line num="54" count="27" type="cond" truecount="2" falsecount="0"/>
      <line num="55" count="7" type="stmt"/>
      <line num="62" count="20" type="stmt"/>
      <line num="94" count="26" type="cond" truecount="1" falsecount="1"/>
      <line num="95" count="26" type="cond" truecount="1" falsecount="1"/>
      <line num="97" count="26" type="cond" truecount="2" falsecount="0"/>
      <line num="99" count="22" type="stmt"/>
      <line num="100" count="22" type="cond" truecount="4" falsecount="0"/>
      <line num="101" count="5" type="stmt"/>
      <line num="104" count="17" type="stmt"/>
      <line num="105" count="17" type="cond" truecount="2" falsecount="0"/>
      <line num="110" count="2" type="stmt"/>
      <line num="114" count="15" type="cond" truecount="2" falsecount="0"/>
      <line num="115" count="26" type="cond" truecount="2" falsecount="0"/>
      <line num="116" count="4" type="stmt"/>
      <line num="120" count="11" type="stmt"/>
      <line num="122" count="11" type="cond" truecount="4" falsecount="0"/>
      <line num="123" count="9" type="stmt"/>
      <line num="125" count="2" type="stmt"/>
      <line num="126" count="2" type="cond" truecount="3" falsecount="1"/>
      <line num="131" count="11" type="cond" truecount="4" falsecount="0"/>
      <line num="132" count="5" type="stmt"/>
      <line num="135" count="6" type="stmt"/>
      <line num="158" count="15" type="cond" truecount="2" falsecount="0"/>
      <line num="159" count="14" type="stmt"/>
      <line num="160" count="14" type="cond" truecount="4" falsecount="0"/>
      <line num="161" count="4" type="stmt"/>
      <line num="164" count="10" type="stmt"/>
      <line num="165" count="27" type="cond" truecount="2" falsecount="0"/>
      <line num="168" count="10" type="cond" truecount="2" falsecount="0"/>
      <line num="169" count="8" type="cond" truecount="2" falsecount="0"/>
      <line num="170" count="6" type="cond" truecount="2" falsecount="0"/>
      <line num="171" count="4" type="stmt"/>
      <line num="190" count="14" type="cond" truecount="2" falsecount="0"/>
      <line num="191" count="10" type="cond" truecount="2" falsecount="0"/>
      <line num="194" count="9" type="cond" truecount="2" falsecount="0"/>
      <line num="195" count="6" type="cond" truecount="2" falsecount="0"/>
      <line num="196" count="4" type="cond" truecount="2" falsecount="0"/>
      <line num="197" count="2" type="stmt"/>
      <line num="200" count="3" type="stmt"/>
    </file>
    <file name="karaoke-utils.js" path="/tmp/workspace/redirect11/karaoke-tana-test/scripts/karaoke-utils.js">
      <metrics statements="68" coveredstatements="65" conditionals="116" coveredconditionals="102" methods="21" coveredmethods="21"/>
      <line num="15" count="2" type="stmt"/>
      <line num="17" count="2" type="cond" truecount="3" falsecount="1"/>
      <line num="18" count="2" type="stmt"/>
      <line num="20" count="0" type="stmt"/>
      <line num="23" count="0" type="stmt"/>
      <line num="24" count="0" type="stmt"/>
      <line num="35" count="9" type="cond" truecount="2" falsecount="0"/>
      <line num="48" count="8" type="cond" truecount="2" falsecount="0"/>
      <line num="68" count="8" type="cond" truecount="6" falsecount="0"/>
      <line num="69" count="6" type="cond" truecount="1" falsecount="1"/>
      <line num="72" count="8" type="cond" truecount="5" falsecount="0"/>
      <line num="73" count="4" type="stmt"/>
      <line num="86" count="8" type="cond" truecount="2" falsecount="0"/>
      <line num="87" count="8" type="cond" truecount="2" falsecount="0"/>
      <line num="88" count="6" type="stmt"/>
      <line num="89" count="6" type="stmt"/>
      <line num="90" count="6" type="cond" truecount="5" falsecount="0"/>
      <line num="91" count="5" type="stmt"/>
      <line num="108" count="9" type="stmt"/>
      <line num="109" count="9" type="stmt"/>
      <line num="110" count="9" type="stmt"/>
      <line num="111" count="9" type="stmt"/>
      <line num="124" count="10" type="stmt"/>
      <line num="125" count="10" type="cond" truecount="4" falsecount="0"/>
      <line num="126" count="3" type="stmt"/>
      <line num="136" count="4" type="cond" truecount="4" falsecount="0"/>
      <line num="137" count="2" type="stmt"/>
      <line num="148" count="9" type="cond" truecount="2" falsecount="0"/>
      <line num="149" count="7" type="stmt"/>
      <line num="150" count="7" type="stmt"/>
      <line num="151" count="7" type="cond" truecount="4" falsecount="0"/>
      <line num="152" count="3" type="stmt"/>
      <line num="154" count="1" type="stmt"/>
      <line num="162" count="2" type="stmt"/>
      <line num="179" count="8" type="cond" truecount="2" falsecount="0"/>
      <line num="180" count="8" type="stmt"/>
      <line num="181" count="8" type="cond" truecount="4" falsecount="0"/>
      <line num="182" count="7" type="stmt"/>
      <line num="183" count="7" type="cond" truecount="4" falsecount="0"/>
      <line num="184" count="4" type="stmt"/>
      <line num="196" count="6" type="cond" truecount="2" falsecount="0"/>
      <line num="197" count="6" type="cond" truecount="4" falsecount="0"/>
      <line num="198" count="2" type="stmt"/>
      <line num="208" count="4" type="cond" truecount="2" falsecount="0"/>
      <line num="209" count="4" type="cond" truecount="4" falsecount="0"/>
      <line num="210" count="1" type="stmt"/>
      <line num="221" count="5" type="cond" truecount="4" falsecount="0"/>
      <line num="224" count="5" type="stmt"/>
      <line num="225" count="5" type="cond" truecount="2" falsecount="0"/>
      <line num="237" count="7" type="stmt"/>
      <line num="238" count="18" type="cond" truecount="3" falsecount="1"/>
      <line num="239" count="18" type="cond" truecount="3" falsecount="1"/>
      <line num="240" count="18" type="cond" truecount="5" falsecount="0"/>
      <line num="241" count="8" type="cond" truecount="6" falsecount="2"/>
      <line num="243" count="7" type="stmt"/>
      <line num="244" count="7" type="stmt"/>
      <line num="245" count="16" type="stmt"/>
      <line num="247" count="7" type="stmt"/>
      <line num="248" count="16" type="cond" truecount="1" falsecount="1"/>
      <line num="261" count="17" type="stmt"/>
      <line num="263" count="29" type="cond" truecount="2" falsecount="0"/>
      <line num="264" count="29" type="cond" truecount="2" falsecount="0"/>
      <line num="265" count="29" type="stmt"/>
      <line num="268" count="17" type="cond" truecount="2" falsecount="0"/>
      <line num="269" count="4" type="cond" truecount="2" falsecount="0"/>
      <line num="270" count="2" type="cond" truecount="1" falsecount="1"/>
      <line num="271" count="2" type="cond" truecount="2" falsecount="2"/>
      <line num="275" count="2" type="stmt"/>
    </file>
  </project>
</coverage>
