{"/tmp/workspace/redirect11/karaoke-tana-test/scripts/booking-gate.js": {"path":"/tmp/workspace/redirect11/karaoke-tana-test/scripts/booking-gate.js","statementMap":{"0":{"start":{"line":1,"column":0},"end":{"line":78,"column":null}},"1":{"start":{"line":3,"column":17},"end":{"line":3,"column":30}},"2":{"start":{"line":4,"column":20},"end":{"line":4,"column":40}},"3":{"start":{"line":5,"column":22},"end":{"line":5,"column":91}},"4":{"start":{"line":6,"column":24},"end":{"line":6,"column":88}},"5":{"start":{"line":7,"column":22},"end":{"line":7,"column":99}},"6":{"start":{"line":8,"column":24},"end":{"line":8,"column":103}},"7":{"start":{"line":9,"column":28},"end":{"line":9,"column":100}},"8":{"start":{"line":12,"column":6},"end":{"line":12,"column":null}},"9":{"start":{"line":12,"column":22},"end":{"line":12,"column":null}},"10":{"start":{"line":13,"column":27},"end":{"line":13,"column":94}},"11":{"start":{"line":14,"column":6},"end":{"line":14,"column":null}},"12":{"start":{"line":18,"column":6},"end":{"line":18,"column":null}},"13":{"start":{"line":18,"column":24},"end":{"line":18,"column":null}},"14":{"start":{"line":19,"column":6},"end":{"line":19,"column":null}},"15":{"start":{"line":20,"column":6},"end":{"line":23,"column":null}},"16":{"start":{"line":21,"column":8},"end":{"line":21,"column":null}},"17":{"start":{"line":22,"column":8},"end":{"line":22,"column":null}},"18":{"start":{"line":24,"column":23},"end":{"line":24,"column":52}},"19":{"start":{"line":25,"column":6},"end":{"line":25,"column":null}},"20":{"start":{"line":26,"column":6},"end":{"line":26,"column":null}},"21":{"start":{"line":27,"column":6},"end":{"line":27,"column":null}},"22":{"start":{"line":31,"column":6},"end":{"line":34,"column":null}},"23":{"start":{"line":32,"column":8},"end":{"line":32,"column":null}},"24":{"start":{"line":33,"column":8},"end":{"line":33,"column":null}},"25":{"start":{"line":35,"column":6},"end":{"line":35,"column":null}},"26":{"start":{"line":36,"column":6},"end":{"line":36,"column":null}},"27":{"start":{"line":40,"column":6},"end":{"line":40,"column":null}},"28":{"start":{"line":40,"column":51},"end":{"line":40,"column":null}},"29":{"start":{"line":41,"column":6},"end":{"line":41,"column":null}},"30":{"start":{"line":41,"column":50},"end":{"line":41,"column":null}},"31":{"start":{"line":43,"column":6},"end":{"line":43,"column":null}},"32":{"start":{"line":44,"column":6},"end":{"line":44,"column":null}},"33":{"start":{"line":45,"column":6},"end":{"line":45,"column":null}},"34":{"start":{"line":47,"column":6},"end":{"line":71,"column":null}},"35":{"start":{"line":48,"column":24},"end":{"line":52,"column":9}},"36":{"start":{"line":49,"column":10},"end":{"line":49,"column":null}},"37":{"start":{"line":50,"column":10},"end":{"line":50,"column":null}},"38":{"start":{"line":51,"column":10},"end":{"line":51,"column":null}},"39":{"start":{"line":54,"column":25},"end":{"line":57,"column":9}},"40":{"start":{"line":55,"column":10},"end":{"line":55,"column":null}},"41":{"start":{"line":56,"column":10},"end":{"line":56,"column":null}},"42":{"start":{"line":59,"column":27},"end":{"line":62,"column":9}},"43":{"start":{"line":60,"column":10},"end":{"line":60,"column":null}},"44":{"start":{"line":61,"column":10},"end":{"line":61,"column":null}},"45":{"start":{"line":64,"column":27},"end":{"line":66,"column":9}},"46":{"start":{"line":65,"column":10},"end":{"line":65,"column":null}},"47":{"start":{"line":65,"column":40},"end":{"line":65,"column":null}},"48":{"start":{"line":68,"column":8},"end":{"line":68,"column":null}},"49":{"start":{"line":69,"column":8},"end":{"line":69,"column":null}},"50":{"start":{"line":70,"column":8},"end":{"line":70,"column":null}},"51":{"start":{"line":74,"column":4},"end":{"line":74,"column":null}},"52":{"start":{"line":77,"column":2},"end":{"line":77,"column":null}}},"fnMap":{"0":{"name":"(anonymous_0)","decl":{"start":{"line":1,"column":1},"end":{"line":1,"column":9}},"loc":{"start":{"line":1,"column":19},"end":{"line":78,"column":1}},"line":1},"1":{"name":"createBookingGate","decl":{"start":{"line":2,"column":11},"end":{"line":2,"column":28}},"loc":{"start":{"line":2,"column":38},"end":{"line":75,"column":null}},"line":2},"2":{"name":"setMessage","decl":{"start":{"line":11,"column":13},"end":{"line":11,"column":23}},"loc":{"start":{"line":11,"column":32},"end":{"line":15,"column":null}},"line":11},"3":{"name":"preparePreview","decl":{"start":{"line":17,"column":13},"end":{"line":17,"column":27}},"loc":{"start":{"line":17,"column":36},"end":{"line":28,"column":null}},"line":17},"4":{"name":"closeModal","decl":{"start":{"line":30,"column":13},"end":{"line":30,"column":23}},"loc":{"start":{"line":30,"column":41},"end":{"line":37,"column":null}},"line":30},"5":{"name":"requestConfirmation","decl":{"start":{"line":39,"column":19},"end":{"line":39,"column":38}},"loc":{"start":{"line":39,"column":47},"end":{"line":72,"column":null}},"line":39},"6":{"name":"(anonymous_6)","decl":{"start":{"line":47,"column":25},"end":{"line":47,"column":26}},"loc":{"start":{"line":47,"column":38},"end":{"line":71,"column":7}},"line":47},"7":{"name":"(anonymous_7)","decl":{"start":{"line":48,"column":24},"end":{"line":48,"column":25}},"loc":{"start":{"line":48,"column":30},"end":{"line":52,"column":9}},"line":48},"8":{"name":"(anonymous_8)","decl":{"start":{"line":54,"column":25},"end":{"line":54,"column":26}},"loc":{"start":{"line":54,"column":31},"end":{"line":57,"column":9}},"line":54},"9":{"name":"(anonymous_9)","decl":{"start":{"line":59,"column":27},"end":{"line":59,"column":28}},"loc":{"start":{"line":59,"column":33},"end":{"line":62,"column":9}},"line":59},"10":{"name":"(anonymous_10)","decl":{"start":{"line":64,"column":27},"end":{"line":64,"column":28}},"loc":{"start":{"line":64,"column":38},"end":{"line":66,"column":9}},"line":64}},"branchMap":{"0":{"loc":{"start":{"line":3,"column":17},"end":{"line":3,"column":30}},"type":"binary-expr","locations":[{"start":{"line":3,"column":17},"end":{"line":3,"column":24}},{"start":{"line":3,"column":28},"end":{"line":3,"column":30}}],"line":3},"1":{"loc":{"start":{"line":4,"column":20},"end":{"line":4,"column":40}},"type":"binary-expr","locations":[{"start":{"line":4,"column":20},"end":{"line":4,"column":32}},{"start":{"line":4,"column":36},"end":{"line":4,"column":40}}],"line":4},"2":{"loc":{"start":{"line":5,"column":22},"end":{"line":5,"column":91}},"type":"cond-expr","locations":[{"start":{"line":5,"column":32},"end":{"line":5,"column":84}},{"start":{"line":5,"column":87},"end":{"line":5,"column":91}}],"line":5},"3":{"loc":{"start":{"line":6,"column":24},"end":{"line":6,"column":88}},"type":"cond-expr","locations":[{"start":{"line":6,"column":34},"end":{"line":6,"column":81}},{"start":{"line":6,"column":84},"end":{"line":6,"column":88}}],"line":6},"4":{"loc":{"start":{"line":7,"column":22},"end":{"line":7,"column":99}},"type":"cond-expr","locations":[{"start":{"line":7,"column":32},"end":{"line":7,"column":92}},{"start":{"line":7,"column":95},"end":{"line":7,"column":99}}],"line":7},"5":{"loc":{"start":{"line":8,"column":24},"end":{"line":8,"column":103}},"type":"cond-expr","locations":[{"start":{"line":8,"column":34},"end":{"line":8,"column":96}},{"start":{"line":8,"column":99},"end":{"line":8,"column":103}}],"line":8},"6":{"loc":{"start":{"line":9,"column":28},"end":{"line":9,"column":100}},"type":"cond-expr","locations":[{"start":{"line":9,"column":73},"end":{"line":9,"column":93}},{"start":{"line":9,"column":96},"end":{"line":9,"column":100}}],"line":9},"7":{"loc":{"start":{"line":12,"column":6},"end":{"line":12,"column":null}},"type":"if","locations":[{"start":{"line":12,"column":6},"end":{"line":12,"column":null}},{"start":{},"end":{}}],"line":12},"8":{"loc":{"start":{"line":13,"column":27},"end":{"line":13,"column":94}},"type":"cond-expr","locations":[{"start":{"line":13,"column":59},"end":{"line":13,"column":76}},{"start":{"line":13,"column":79},"end":{"line":13,"column":94}}],"line":13},"9":{"loc":{"start":{"line":18,"column":6},"end":{"line":18,"column":null}},"type":"if","locations":[{"start":{"line":18,"column":6},"end":{"line":18,"column":null}},{"start":{},"end":{}}],"line":18},"10":{"loc":{"start":{"line":20,"column":6},"end":{"line":23,"column":null}},"type":"if","locations":[{"start":{"line":20,"column":6},"end":{"line":23,"column":null}},{"start":{},"end":{}}],"line":20},"11":{"loc":{"start":{"line":31,"column":6},"end":{"line":34,"column":null}},"type":"if","locations":[{"start":{"line":31,"column":6},"end":{"line":34,"column":null}},{"start":{},"end":{}}],"line":31},"12":{"loc":{"start":{"line":40,"column":6},"end":{"line":40,"column":null}},"type":"if","locations":[{"start":{"line":40,"column":6},"end":{"line":40,"column":null}},{"start":{},"end":{}}],"line":40},"13":{"loc":{"start":{"line":40,"column":10},"end":{"line":40,"column":49}},"type":"binary-expr","locations":[{"start":{"line":40,"column":10},"end":{"line":40,"column":17}},{"start":{"line":40,"column":21},"end":{"line":40,"column":49}}],"line":40},"14":{"loc":{"start":{"line":41,"column":6},"end":{"line":41,"column":null}},"type":"if","locations":[{"start":{"line":41,"column":6},"end":{"line":41,"column":null}},{"start":{},"end":{}}],"line":41},"15":{"loc":{"start":{"line":41,"column":10},"end":{"line":41,"column":48}},"type":"binary-expr","locations":[{"start":{"line":41,"column":10},"end":{"line":41,"column":18}},{"start":{"line":41,"column":22},"end":{"line":41,"column":32}},{"start":{"line":41,"column":36},"end":{"line":41,"column":48}}],"line":41},"16":{"loc":{"start":{"line":65,"column":10},"end":{"line":65,"column":null}},"type":"if","locations":[{"start":{"line":65,"column":10},"end":{"line":65,"column":null}},{"start":{},"end":{}}],"line":65}},"s":{"0":13,"1":13,"2":13,"3":13,"4":13,"5":13,"6":13,"7":13,"8":9,"9":0,"10":9,"11":9,"12":9,"13":0,"14":9,"15":9,"16":8,"17":8,"18":1,"19":1,"20":1,"21":1,"22":9,"23":0,"24":0,"25":9,"26":9,"27":13,"28":3,"29":10,"30":1,"31":9,"32":9,"33":9,"34":9,"35":9,"36":9,"37":9,"38":9,"39":9,"40":5,"41":5,"42":9,"43":4,"44":4,"45":9,"46":1,"47":1,"48":9,"49":9,"50":9,"51":13,"52":13},"f":{"0":13,"1":13,"2":9,"3":9,"4":9,"5":13,"6":9,"7":9,"8":5,"9":4,"10":1},"b":{"0":[13,0],"1":[13,1],"2":[12,1],"3":[12,1],"4":[12,1],"5":[12,1],"6":[8,5],"7":[0,9],"8":[2,7],"9":[0,9],"10":[8,1],"11":[0,9],"12":[3,10],"13":[13,11],"14":[1,9],"15":[10,9,9],"16":[1,0]},"meta":{"lastBranch":17,"lastFunction":11,"lastStatement":53,"seen":{"s:1:0:78:Infinity":0,"f:1:1:1:9":0,"f:2:11:2:28":1,"s:3:17:3:30":1,"b:3:17:3:24:3:28:3:30":0,"s:4:20:4:40":2,"b:4:20:4:32:4:36:4:40":1,"s:5:22:5:91":3,"b:5:32:5:84:5:87:5:91":2,"s:6:24:6:88":4,"b:6:34:6:81:6:84:6:88":3,"s:7:22:7:99":5,"b:7:32:7:92:7:95:7:99":4,"s:8:24:8:103":6,"b:8:34:8:96:8:99:8:103":5,"s:9:28:9:100":7,"b:9:73:9:93:9:96:9:100":6,"f:11:13:11:23":2,"b:12:6:12:Infinity:undefined:undefined:undefined:undefined":7,"s:12:6:12:Infinity":8,"s:12:22:12:Infinity":9,"s:13:27:13:94":10,"b:13:59:13:76:13:79:13:94":8,"s:14:6:14:Infinity":11,"f:17:13:17:27":3,"b:18:6:18:Infinity:undefined:undefined:undefined:undefined":9,"s:18:6:18:Infinity":12,"s:18:24:18:Infinity":13,"s:19:6:19:Infinity":14,"b:20:6:23:Infinity:undefined:undefined:undefined:undefined":10,"s:20:6:23:Infinity":15,"s:21:8:21:Infinity":16,"s:22:8:22:Infinity":17,"s:24:23:24:52":18,"s:25:6:25:Infinity":19,"s:26:6:26:Infinity":20,"s:27:6:27:Infinity":21,"f:30:13:30:23":4,"b:31:6:34:Infinity:undefined:undefined:undefined:undefined":11,"s:31:6:34:Infinity":22,"s:32:8:32:Infinity":23,"s:33:8:33:Infinity":24,"s:35:6:35:Infinity":25,"s:36:6:36:Infinity":26,"f:39:19:39:38":5,"b:40:6:40:Infinity:undefined:undefined:undefined:undefined":12,"s:40:6:40:Infinity":27,"b:40:10:40:17:40:21:40:49":13,"s:40:51:40:Infinity":28,"b:41:6:41:Infinity:undefined:undefined:undefined:undefined":14,"s:41:6:41:Infinity":29,"b:41:10:41:18:41:22:41:32:41:36:41:48":15,"s:41:50:41:Infinity":30,"s:43:6:43:Infinity":31,"s:44:6:44:Infinity":32,"s:45:6:45:Infinity":33,"s:47:6:71:Infinity":34,"f:47:25:47:26":6,"s:48:24:52:9":35,"f:48:24:48:25":7,"s:49:10:49:Infinity":36,"s:50:10:50:Infinity":37,"s:51:10:51:Infinity":38,"s:54:25:57:9":39,"f:54:25:54:26":8,"s:55:10:55:Infinity":40,"s:56:10:56:Infinity":41,"s:59:27:62:9":42,"f:59:27:59:28":9,"s:60:10:60:Infinity":43,"s:61:10:61:Infinity":44,"s:64:27:66:9":45,"f:64:27:64:28":10,"b:65:10:65:Infinity:undefined:undefined:undefined:undefined":16,"s:65:10:65:Infinity":46,"s:65:40:65:Infinity":47,"s:68:8:68:Infinity":48,"s:69:8:69:Infinity":49,"s:70:8:70:Infinity":50,"s:74:4:74:Infinity":51,"s:77:2:77:Infinity":52}}}
,"/tmp/workspace/redirect11/karaoke-tana-test/scripts/karaoke-state.js": {"path":"/tmp/workspace/redirect11/karaoke-tana-test/scripts/karaoke-state.js","statementMap":{"0":{"start":{"line":16,"column":0},"end":{"line":206,"column":null}},"1":{"start":{"line":18,"column":2},"end":{"line":24,"column":null}},"2":{"start":{"line":19,"column":4},"end":{"line":19,"column":null}},"3":{"start":{"line":21,"column":18},"end":{"line":21,"column":27}},"4":{"start":{"line":22,"column":4},"end":{"line":22,"column":null}},"5":{"start":{"line":23,"column":4},"end":{"line":23,"column":null}},"6":{"start":{"line":46,"column":4},"end":{"line":48,"column":null}},"7":{"start":{"line":47,"column":6},"end":{"line":47,"column":null}},"8":{"start":{"line":50,"column":4},"end":{"line":52,"column":null}},"9":{"start":{"line":51,"column":6},"end":{"line":51,"column":null}},"10":{"start":{"line":54,"column":4},"end":{"line":60,"column":null}},"11":{"start":{"line":55,"column":6},"end":{"line":59,"column":null}},"12":{"start":{"line":62,"column":4},"end":{"line":66,"column":null}},"13":{"start":{"line":94,"column":4},"end":{"line":94,"column":null}},"14":{"start":{"line":94,"column":40},"end":{"line":94,"column":null}},"15":{"start":{"line":95,"column":4},"end":{"line":95,"column":null}},"16":{"start":{"line":95,"column":27},"end":{"line":95,"column":null}},"17":{"start":{"line":97,"column":4},"end":{"line":97,"column":null}},"18":{"start":{"line":97,"column":17},"end":{"line":97,"column":null}},"19":{"start":{"line":99,"column":20},"end":{"line":99,"column":37}},"20":{"start":{"line":100,"column":4},"end":{"line":102,"column":null}},"21":{"start":{"line":101,"column":6},"end":{"line":101,"column":null}},"22":{"start":{"line":104,"column":25},"end":{"line":104,"column":48}},"23":{"start":{"line":105,"column":4},"end":{"line":111,"column":null}},"24":{"start":{"line":110,"column":6},"end":{"line":110,"column":null}},"25":{"start":{"line":114,"column":21},"end":{"line":114,"column":94}},"26":{"start":{"line":115,"column":4},"end":{"line":117,"column":null}},"27":{"start":{"line":116,"column":6},"end":{"line":116,"column":null}},"28":{"start":{"line":120,"column":23},"end":{"line":120,"column":54}},"29":{"start":{"line":122,"column":4},"end":{"line":129,"column":null}},"30":{"start":{"line":123,"column":6},"end":{"line":123,"column":null}},"31":{"start":{"line":125,"column":22},"end":{"line":125,"column":46}},"32":{"start":{"line":126,"column":6},"end":{"line":128,"column":null}},"33":{"start":{"line":131,"column":4},"end":{"line":133,"column":null}},"34":{"start":{"line":132,"column":6},"end":{"line":132,"column":null}},"35":{"start":{"line":135,"column":4},"end":{"line":135,"column":null}},"36":{"start":{"line":158,"column":4},"end":{"line":158,"column":null}},"37":{"start":{"line":158,"column":36},"end":{"line":158,"column":null}},"38":{"start":{"line":159,"column":23},"end":{"line":159,"column":40}},"39":{"start":{"line":160,"column":4},"end":{"line":162,"column":null}},"40":{"start":{"line":161,"column":6},"end":{"line":161,"column":null}},"41":{"start":{"line":164,"column":16},"end":{"line":166,"column":6}},"42":{"start":{"line":165,"column":6},"end":{"line":165,"column":null}},"43":{"start":{"line":168,"column":4},"end":{"line":168,"column":null}},"44":{"start":{"line":168,"column":22},"end":{"line":168,"column":null}},"45":{"start":{"line":169,"column":4},"end":{"line":169,"column":null}},"46":{"start":{"line":169,"column":22},"end":{"line":169,"column":null}},"47":{"start":{"line":170,"column":4},"end":{"line":170,"column":null}},"48":{"start":{"line":170,"column":22},"end":{"line":170,"column":null}},"49":{"start":{"line":171,"column":4},"end":{"line":171,"column":null}},"50":{"start":{"line":190,"column":4},"end":{"line":190,"column":null}},"51":{"start":{"line":190,"column":21},"end":{"line":190,"column":null}},"52":{"start":{"line":191,"column":4},"end":{"line":191,"column":null}},"53":{"start":{"line":191,"column":17},"end":{"line":191,"column":null}},"54":{"start":{"line":194,"column":4},"end":{"line":194,"column":null}},"55":{"start":{"line":194,"column":45},"end":{"line":194,"column":null}},"56":{"start":{"line":195,"column":4},"end":{"line":195,"column":null}},"57":{"start":{"line":195,"column":37},"end":{"line":195,"column":null}},"58":{"start":{"line":196,"column":4},"end":{"line":196,"column":null}},"59":{"start":{"line":196,"column":56},"end":{"line":196,"column":null}},"60":{"start":{"line":197,"column":4},"end":{"line":197,"column":null}},"61":{"start":{"line":200,"column":2},"end":{"line":205,"column":null}}},"fnMap":{"0":{"name":"(anonymous_0)","decl":{"start":{"line":16,"column":1},"end":{"line":16,"column":9}},"loc":{"start":{"line":16,"column":26},"end":{"line":25,"column":1}},"line":16},"1":{"name":"(anonymous_1)","decl":{"start":{"line":25,"column":85},"end":{"line":25,"column":93}},"loc":{"start":{"line":25,"column":97},"end":{"line":206,"column":1}},"line":25},"2":{"name":"computeSerataUiState","decl":{"start":{"line":45,"column":11},"end":{"line":45,"column":31}},"loc":{"start":{"line":45,"column":44},"end":{"line":67,"column":null}},"line":45},"3":{"name":"computeBookingCookieAction","decl":{"start":{"line":93,"column":11},"end":{"line":93,"column":37}},"loc":{"start":{"line":93,"column":86},"end":{"line":136,"column":null}},"line":93},"4":{"name":"computeQueuePosition","decl":{"start":{"line":157,"column":11},"end":{"line":157,"column":31}},"loc":{"start":{"line":157,"column":55},"end":{"line":172,"column":null}},"line":157},"5":{"name":"(anonymous_5)","decl":{"start":{"line":164,"column":37},"end":{"line":164,"column":45}},"loc":{"start":{"line":164,"column":53},"end":{"line":166,"column":5}},"line":164},"6":{"name":"computeVoteBanner","decl":{"start":{"line":189,"column":11},"end":{"line":189,"column":28}},"loc":{"start":{"line":189,"column":50},"end":{"line":198,"column":null}},"line":189}},"branchMap":{"0":{"loc":{"start":{"line":18,"column":2},"end":{"line":24,"column":null}},"type":"if","locations":[{"start":{"line":18,"column":2},"end":{"line":24,"column":null}},{"start":{"line":20,"column":9},"end":{"line":24,"column":null}}],"line":18},"1":{"loc":{"start":{"line":18,"column":6},"end":{"line":18,"column":53}},"type":"binary-expr","locations":[{"start":{"line":18,"column":6},"end":{"line":18,"column":35}},{"start":{"line":18,"column":39},"end":{"line":18,"column":53}}],"line":18},"2":{"loc":{"start":{"line":25,"column":3},"end":{"line":25,"column":83}},"type":"cond-expr","locations":[{"start":{"line":25,"column":39},"end":{"line":25,"column":49}}],"line":25},"3":{"loc":{"start":{"line":46,"column":4},"end":{"line":48,"column":null}},"type":"if","locations":[{"start":{"line":46,"column":4},"end":{"line":48,"column":null}},{"start":{},"end":{}}],"line":46},"4":{"loc":{"start":{"line":50,"column":4},"end":{"line":52,"column":null}},"type":"if","locations":[{"start":{"line":50,"column":4},"end":{"line":52,"column":null}},{"start":{},"end":{}}],"line":50},"5":{"loc":{"start":{"line":54,"column":4},"end":{"line":60,"column":null}},"type":"if","locations":[{"start":{"line":54,"column":4},"end":{"line":60,"column":null}},{"start":{},"end":{}}],"line":54},"6":{"loc":{"start":{"line":94,"column":4},"end":{"line":94,"column":null}},"type":"if","locations":[{"start":{"line":94,"column":4},"end":{"line":94,"column":null}},{"start":{},"end":{}}],"line":94},"7":{"loc":{"start":{"line":95,"column":4},"end":{"line":95,"column":null}},"type":"if","locations":[{"start":{"line":95,"column":4},"end":{"line":95,"column":null}},{"start":{},"end":{}}],"line":95},"8":{"loc":{"start":{"line":97,"column":4},"end":{"line":97,"column":null}},"type":"if","locations":[{"start":{"line":97,"column":4},"end":{"line":97,"column":null}},{"start":{},"end":{}}],"line":97},"9":{"loc":{"start":{"line":100,"column":4},"end":{"line":102,"column":null}},"type":"if","locations":[{"start":{"line":100,"column":4},"end":{"line":102,"column":null}},{"start":{},"end":{}}],"line":100},"10":{"loc":{"start":{"line":100,"column":8},"end":{"line":100,"column":54}},"type":"binary-expr","locations":[{"start":{"line":100,"column":8},"end":{"line":100,"column":36}},{"start":{"line":100,"column":40},"end":{"line":100,"column":54}}],"line":100},"11":{"loc":{"start":{"line":105,"column":4},"end":{"line":111,"column":null}},"type":"if","locations":[{"start":{"line":105,"column":4},"end":{"line":111,"column":null}},{"start":{},"end":{}}],"line":105},"12":{"loc":{"start":{"line":106,"column":6},"end":{"line":108,"column":null}},"type":"binary-expr","locations":[{"start":{"line":106,"column":6},"end":{"line":106,"column":39}},{"start":{"line":106,"column":43},"end":{"line":106,"column":62}},{"start":{"line":107,"column":6},"end":{"line":107,"column":38}},{"start":{"line":107,"column":42},"end":{"line":107,"column":60}},{"start":{"line":108,"column":6},"end":{"line":108,"column":null}}],"line":106},"13":{"loc":{"start":{"line":114,"column":21},"end":{"line":114,"column":94}},"type":"binary-expr","locations":[{"start":{"line":114,"column":21},"end":{"line":114,"column":53}},{"start":{"line":114,"column":57},"end":{"line":114,"column":94}}],"line":114},"14":{"loc":{"start":{"line":115,"column":4},"end":{"line":117,"column":null}},"type":"if","locations":[{"start":{"line":115,"column":4},"end":{"line":117,"column":null}},{"start":{},"end":{}}],"line":115},"15":{"loc":{"start":{"line":122,"column":4},"end":{"line":129,"column":null}},"type":"if","locations":[{"start":{"line":122,"column":4},"end":{"line":129,"column":null}},{"start":{"line":124,"column":11},"end":{"line":129,"column":null}}],"line":122},"16":{"loc":{"start":{"line":122,"column":8},"end":{"line":122,"column":57}},"type":"binary-expr","locations":[{"start":{"line":122,"column":8},"end":{"line":122,"column":37}},{"start":{"line":122,"column":41},"end":{"line":122,"column":57}}],"line":122},"17":{"loc":{"start":{"line":126,"column":24},"end":{"line":128,"column":14}},"type":"cond-expr","locations":[{"start":{"line":127,"column":10},"end":{"line":127,"column":null}},{"start":{"line":128,"column":10},"end":{"line":128,"column":14}}],"line":126},"18":{"loc":{"start":{"line":126,"column":25},"end":{"line":126,"column":68}},"type":"binary-expr","locations":[{"start":{"line":126,"column":25},"end":{"line":126,"column":51}},{"start":{"line":126,"column":55},"end":{"line":126,"column":68}}],"line":126},"19":{"loc":{"start":{"line":131,"column":4},"end":{"line":133,"column":null}},"type":"if","locations":[{"start":{"line":131,"column":4},"end":{"line":133,"column":null}},{"start":{},"end":{}}],"line":131},"20":{"loc":{"start":{"line":131,"column":8},"end":{"line":131,"column":49}},"type":"binary-expr","locations":[{"start":{"line":131,"column":8},"end":{"line":131,"column":23}},{"start":{"line":131,"column":27},"end":{"line":131,"column":49}}],"line":131},"21":{"loc":{"start":{"line":158,"column":4},"end":{"line":158,"column":null}},"type":"if","locations":[{"start":{"line":158,"column":4},"end":{"line":158,"column":null}},{"start":{},"end":{}}],"line":158},"22":{"loc":{"start":{"line":160,"column":4},"end":{"line":162,"column":null}},"type":"if","locations":[{"start":{"line":160,"column":4},"end":{"line":162,"column":null}},{"start":{},"end":{}}],"line":160},"23":{"loc":{"start":{"line":160,"column":8},"end":{"line":160,"column":60}},"type":"binary-expr","locations":[{"start":{"line":160,"column":8},"end":{"line":160,"column":39}},{"start":{"line":160,"column":43},"end":{"line":160,"column":60}}],"line":160},"24":{"loc":{"start":{"line":165,"column":20},"end":{"line":165,"column":35}},"type":"binary-expr","locations":[{"start":{"line":165,"column":20},"end":{"line":165,"column":24}},{"start":{"line":165,"column":28},"end":{"line":165,"column":35}}],"line":165},"25":{"loc":{"start":{"line":168,"column":4},"end":{"line":168,"column":null}},"type":"if","locations":[{"start":{"line":168,"column":4},"end":{"line":168,"column":null}},{"start":{},"end":{}}],"line":168},"26":{"loc":{"start":{"line":169,"column":4},"end":{"line":169,"column":null}},"type":"if","locations":[{"start":{"line":169,"column":4},"end":{"line":169,"column":null}},{"start":{},"end":{}}],"line":169},"27":{"loc":{"start":{"line":170,"column":4},"end":{"line":170,"column":null}},"type":"if","locations":[{"start":{"line":170,"column":4},"end":{"line":170,"column":null}},{"start":{},"end":{}}],"line":170},"28":{"loc":{"start":{"line":190,"column":4},"end":{"line":190,"column":null}},"type":"if","locations":[{"start":{"line":190,"column":4},"end":{"line":190,"column":null}},{"start":{},"end":{}}],"line":190},"29":{"loc":{"start":{"line":191,"column":4},"end":{"line":191,"column":null}},"type":"if","locations":[{"start":{"line":191,"column":4},"end":{"line":191,"column":null}},{"start":{},"end":{}}],"line":191},"30":{"loc":{"start":{"line":194,"column":4},"end":{"line":194,"column":null}},"type":"if","locations":[{"start":{"line":194,"column":4},"end":{"line":194,"column":null}},{"start":{},"end":{}}],"line":194},"31":{"loc":{"start":{"line":195,"column":4},"end":{"line":195,"column":null}},"type":"if","locations":[{"start":{"line":195,"column":4},"end":{"line":195,"column":null}},{"start":{},"end":{}}],"line":195},"32":{"loc":{"start":{"line":196,"column":4},"end":{"line":196,"column":null}},"type":"if","locations":[{"start":{"line":196,"column":4},"end":{"line":196,"column":null}},{"start":{},"end":{}}],"line":196}},"s":{"0":3,"1":3,"2":3,"3":0,"4":0,"5":0,"6":39,"7":4,"8":35,"9":8,"10":27,"11":7,"12":20,"13":26,"14":0,"15":26,"16":0,"17":26,"18":4,"19":22,"20":22,"21":5,"22":17,"23":17,"24":2,"25":15,"26":26,"27":4,"28":11,"29":11,"30":9,"31":2,"32":2,"33":11,"34":5,"35":6,"36":15,"37":1,"38":14,"39":14,"40":4,"41":10,"42":27,"43":10,"44":2,"45":8,"46":8,"47":6,"48":6,"49":4,"50":14,"51":4,"52":10,"53":10,"54":9,"55":3,"56":6,"57":2,"58":4,"59":2,"60":2,"61":3},"f":{"0":3,"1":3,"2":39,"3":26,"4":15,"5":27,"6":14},"b":{"0":[3,0],"1":[3,3],"2":[3],"3":[4,35],"4":[8,27],"5":[7,20],"6":[0,26],"7":[0,26],"8":[4,22],"9":[5,17],"10":[22,20],"11":[2,15],"12":[17,16,16,16,16],"13":[15,12],"14":[4,22],"15":[9,2],"16":[11,11],"17":[2,0],"18":[2,2],"19":[5,6],"20":[11,11],"21":[1,14],"22":[4,10],"23":[14,14],"24":[27,27],"25":[2,8],"26":[2,6],"27":[2,4],"28":[4,10],"29":[1,9],"30":[3,6],"31":[2,4],"32":[2,2]},"meta":{"lastBranch":33,"lastFunction":7,"lastStatement":62,"seen":{"s:16:0:206:Infinity":0,"f:16:1:16:9":0,"b:18:2:24:Infinity:20:9:24:Infinity":0,"s:18:2:24:Infinity":1,"b:18:6:18:35:18:39:18:53":1,"s:19:4:19:Infinity":2,"s:21:18:21:27":3,"s:22:4:22:Infinity":4,"s:23:4:23:Infinity":5,"b:25:39:25:49":2,"f:25:85:25:93":1,"f:45:11:45:31":2,"b:46:4:48:Infinity:undefined:undefined:undefined:undefined":3,"s:46:4:48:Infinity":6,"s:47:6:47:Infinity":7,"b:50:4:52:Infinity:undefined:undefined:undefined:undefined":4,"s:50:4:52:Infinity":8,"s:51:6:51:Infinity":9,"b:54:4:60:Infinity:undefined:undefined:undefined:undefined":5,"s:54:4:60:Infinity":10,"s:55:6:59:Infinity":11,"s:62:4:66:Infinity":12,"f:93:11:93:37":3,"b:94:4:94:Infinity:undefined:undefined:undefined:undefined":6,"s:94:4:94:Infinity":13,"s:94:40:94:Infinity":14,"b:95:4:95:Infinity:undefined:undefined:undefined:undefined":7,"s:95:4:95:Infinity":15,"s:95:27:95:Infinity":16,"b:97:4:97:Infinity:undefined:undefined:undefined:undefined":8,"s:97:4:97:Infinity":17,"s:97:17:97:Infinity":18,"s:99:20:99:37":19,"b:100:4:102:Infinity:undefined:undefined:undefined:undefined":9,"s:100:4:102:Infinity":20,"b:100:8:100:36:100:40:100:54":10,"s:101:6:101:Infinity":21,"s:104:25:104:48":22,"b:105:4:111:Infinity:undefined:undefined:undefined:undefined":11,"s:105:4:111:Infinity":23,"b:106:6:106:39:106:43:106:62:107:6:107:38:107:42:107:60:108:6:108:Infinity":12,"s:110:6:110:Infinity":24,"s:114:21:114:94":25,"b:114:21:114:53:114:57:114:94":13,"b:115:4:117:Infinity:undefined:undefined:undefined:undefined":14,"s:115:4:117:Infinity":26,"s:116:6:116:Infinity":27,"s:120:23:120:54":28,"b:122:4:129:Infinity:124:11:129:Infinity":15,"s:122:4:129:Infinity":29,"b:122:8:122:37:122:41:122:57":16,"s:123:6:123:Infinity":30,"s:125:22:125:46":31,"s:126:6:128:Infinity":32,"b:127:10:127:Infinity:128:10:128:14":17,"b:126:25:126:51:126:55:126:68":18,"b:131:4:133:Infinity:undefined:undefined:undefined:undefined":19,"s:131:4:133:Infinity":33,"b:131:8:131:23:131:27:131:49":20,"s:132:6:132:Infinity":34,"s:135:4:135:Infinity":35,"f:157:11:157:31":4,"b:158:4:158:Infinity:undefined:undefined:undefined:undefined":21,"s:158:4:158:Infinity":36,"s:158:36:158:Infinity":37,"s:159:23:159:40":38,"b:160:4:162:Infinity:undefined:undefined:undefined:undefined":22,"s:160:4:162:Infinity":39,"b:160:8:160:39:160:43:160:60":23,"s:161:6:161:Infinity":40,"s:164:16:166:6":41,"f:164:37:164:45":5,"s:165:6:165:Infinity":42,"b:165:20:165:24:165:28:165:35":24,"b:168:4:168:Infinity:undefined:undefined:undefined:undefined":25,"s:168:4:168:Infinity":43,"s:168:22:168:Infinity":44,"b:169:4:169:Infinity:undefined:undefined:undefined:undefined":26,"s:169:4:169:Infinity":45,"s:169:22:169:Infinity":46,"b:170:4:170:Infinity:undefined:undefined:undefined:undefined":27,"s:170:4:170:Infinity":47,"s:170:22:170:Infinity":48,"s:171:4:171:Infinity":49,"f:189:11:189:28":6,"b:190:4:190:Infinity:undefined:undefined:undefined:undefined":28,"s:190:4:190:Infinity":50,"s:190:21:190:Infinity":51,"b:191:4:191:Infinity:undefined:undefined:undefined:undefined":29,"s:191:4:191:Infinity":52,"s:191:17:191:Infinity":53,"b:194:4:194:Infinity:undefined:undefined:undefined:undefined":30,"s:194:4:194:Infinity":54,"s:194:45:194:Infinity":55,"b:195:4:195:Infinity:undefined:undefined:undefined:undefined":31,"s:195:4:195:Infinity":56,"s:195:37:195:Infinity":57,"b:196:4:196:Infinity:undefined:undefined:undefined:undefined":32,"s:196:4:196:Infinity":58,"s:196:56:196:Infinity":59,"s:197:4:197:Infinity":60,"s:200:2:205:Infinity":61}}}
,"/tmp/workspace/redirect11/karaoke-tana-test/scripts/karaoke-utils.js": {"path":"/tmp/workspace/redirect11/karaoke-tana-test/scripts/karaoke-utils.js","statementMap":{"0":{"start":{"line":15,"column":0},"end":{"line":292,"column":null}},"1":{"start":{"line":17,"column":2},"end":{"line":25,"column":null}},"2":{"start":{"line":18,"column":4},"end":{"line":18,"column":null}},"3":{"start":{"line":20,"column":18},"end":{"line":20,"column":27}},"4":{"start":{"line":23,"column":4},"end":{"line":23,"column":null}},"5":{"start":{"line":24,"column":4},"end":{"line":24,"column":null}},"6":{"start":{"line":35,"column":4},"end":{"line":40,"column":null}},"7":{"start":{"line":48,"column":4},"end":{"line":53,"column":null}},"8":{"start":{"line":68,"column":4},"end":{"line":68,"column":null}},"9":{"start":{"line":68,"column":41},"end":{"line":68,"column":null}},"10":{"start":{"line":69,"column":15},"end":{"line":71,"column":90}},"11":{"start":{"line":72,"column":4},"end":{"line":72,"column":null}},"12":{"start":{"line":72,"column":63},"end":{"line":72,"column":null}},"13":{"start":{"line":73,"column":4},"end":{"line":73,"column":null}},"14":{"start":{"line":86,"column":4},"end":{"line":86,"column":null}},"15":{"start":{"line":86,"column":35},"end":{"line":86,"column":null}},"16":{"start":{"line":87,"column":4},"end":{"line":87,"column":null}},"17":{"start":{"line":87,"column":18},"end":{"line":87,"column":null}},"18":{"start":{"line":88,"column":16},"end":{"line":88,"column":54}},"19":{"start":{"line":89,"column":15},"end":{"line":89,"column":23}},"20":{"start":{"line":89,"column":33},"end":{"line":89,"column":41}},"21":{"start":{"line":89,"column":49},"end":{"line":89,"column":57}},"22":{"start":{"line":90,"column":4},"end":{"line":90,"column":null}},"23":{"start":{"line":90,"column":33},"end":{"line":90,"column":null}},"24":{"start":{"line":91,"column":4},"end":{"line":97,"column":null}},"25":{"start":{"line":108,"column":19},"end":{"line":108,"column":52}},"26":{"start":{"line":109,"column":14},"end":{"line":109,"column":39}},"27":{"start":{"line":110,"column":14},"end":{"line":110,"column":27}},"28":{"start":{"line":111,"column":4},"end":{"line":111,"column":null}},"29":{"start":{"line":124,"column":17},"end":{"line":124,"column":30}},"30":{"start":{"line":125,"column":4},"end":{"line":125,"column":null}},"31":{"start":{"line":125,"column":50},"end":{"line":125,"column":null}},"32":{"start":{"line":126,"column":4},"end":{"line":126,"column":null}},"33":{"start":{"line":136,"column":4},"end":{"line":136,"column":null}},"34":{"start":{"line":136,"column":61},"end":{"line":136,"column":null}},"35":{"start":{"line":137,"column":4},"end":{"line":137,"column":null}},"36":{"start":{"line":148,"column":4},"end":{"line":148,"column":null}},"37":{"start":{"line":148,"column":19},"end":{"line":148,"column":null}},"38":{"start":{"line":149,"column":4},"end":{"line":155,"column":null}},"39":{"start":{"line":150,"column":19},"end":{"line":150,"column":39}},"40":{"start":{"line":151,"column":6},"end":{"line":151,"column":null}},"41":{"start":{"line":151,"column":49},"end":{"line":151,"column":null}},"42":{"start":{"line":152,"column":6},"end":{"line":152,"column":null}},"43":{"start":{"line":154,"column":6},"end":{"line":154,"column":null}},"44":{"start":{"line":162,"column":35},"end":{"line":162,"column":37}},"45":{"start":{"line":179,"column":4},"end":{"line":179,"column":null}},"46":{"start":{"line":179,"column":40},"end":{"line":179,"column":null}},"47":{"start":{"line":180,"column":17},"end":{"line":180,"column":55}},"48":{"start":{"line":181,"column":4},"end":{"line":181,"column":null}},"49":{"start":{"line":181,"column":47},"end":{"line":181,"column":null}},"50":{"start":{"line":182,"column":20},"end":{"line":182,"column":51}},"51":{"start":{"line":183,"column":4},"end":{"line":183,"column":null}},"52":{"start":{"line":183,"column":55},"end":{"line":183,"column":null}},"53":{"start":{"line":184,"column":4},"end":{"line":184,"column":null}},"54":{"start":{"line":196,"column":19},"end":{"line":196,"column":65}},"55":{"start":{"line":197,"column":4},"end":{"line":197,"column":null}},"56":{"start":{"line":197,"column":54},"end":{"line":197,"column":null}},"57":{"start":{"line":198,"column":4},"end":{"line":198,"column":null}},"58":{"start":{"line":208,"column":19},"end":{"line":208,"column":66}},"59":{"start":{"line":209,"column":4},"end":{"line":209,"column":null}},"60":{"start":{"line":209,"column":54},"end":{"line":209,"column":null}},"61":{"start":{"line":210,"column":4},"end":{"line":210,"column":null}},"62":{"start":{"line":221,"column":14},"end":{"line":223,"column":10}},"63":{"start":{"line":224,"column":13},"end":{"line":224,"column":28}},"64":{"start":{"line":225,"column":4},"end":{"line":225,"column":null}},"65":{"start":{"line":237,"column":24},"end":{"line":242,"column":6}},"66":{"start":{"line":238,"column":18},"end":{"line":238,"column":75}},"67":{"start":{"line":239,"column":18},"end":{"line":239,"column":75}},"68":{"start":{"line":240,"column":6},"end":{"line":240,"column":null}},"69":{"start":{"line":240,"column":79},"end":{"line":240,"column":null}},"70":{"start":{"line":241,"column":6},"end":{"line":241,"column":null}},"71":{"start":{"line":243,"column":17},"end":{"line":243,"column":26}},"72":{"start":{"line":244,"column":4},"end":{"line":246,"column":null}},"73":{"start":{"line":245,"column":6},"end":{"line":245,"column":null}},"74":{"start":{"line":247,"column":4},"end":{"line":249,"column":null}},"75":{"start":{"line":248,"column":6},"end":{"line":248,"column":null}},"76":{"start":{"line":261,"column":4},"end":{"line":272,"column":null}},"77":{"start":{"line":263,"column":20},"end":{"line":263,"column":56}},"78":{"start":{"line":264,"column":18},"end":{"line":264,"column":63}},"79":{"start":{"line":265,"column":8},"end":{"line":265,"column":null}},"80":{"start":{"line":268,"column":8},"end":{"line":268,"column":null}},"81":{"start":{"line":268,"column":43},"end":{"line":268,"column":null}},"82":{"start":{"line":269,"column":8},"end":{"line":269,"column":null}},"83":{"start":{"line":269,"column":39},"end":{"line":269,"column":null}},"84":{"start":{"line":270,"column":8},"end":{"line":270,"column":null}},"85":{"start":{"line":270,"column":43},"end":{"line":270,"column":null}},"86":{"start":{"line":271,"column":8},"end":{"line":271,"column":null}},"87":{"start":{"line":275,"column":2},"end":{"line":291,"column":null}}},"fnMap":{"0":{"name":"(anonymous_0)","decl":{"start":{"line":15,"column":1},"end":{"line":15,"column":9}},"loc":{"start":{"line":15,"column":26},"end":{"line":26,"column":1}},"line":15},"1":{"name":"(anonymous_1)","decl":{"start":{"line":26,"column":85},"end":{"line":26,"column":93}},"loc":{"start":{"line":26,"column":97},"end":{"line":292,"column":1}},"line":26},"2":{"name":"escapeHtml","decl":{"start":{"line":34,"column":11},"end":{"line":34,"column":21}},"loc":{"start":{"line":34,"column":29},"end":{"line":41,"column":null}},"line":34},"3":{"name":"escapeCssUrl","decl":{"start":{"line":47,"column":11},"end":{"line":47,"column":23}},"loc":{"start":{"line":47,"column":31},"end":{"line":54,"column":null}},"line":47},"4":{"name":"resolveLanUrl","decl":{"start":{"line":67,"column":11},"end":{"line":67,"column":24}},"loc":{"start":{"line":67,"column":40},"end":{"line":74,"column":null}},"line":67},"5":{"name":"formatPublicDateLabel","decl":{"start":{"line":85,"column":11},"end":{"line":85,"column":32}},"loc":{"start":{"line":85,"column":55},"end":{"line":98,"column":null}},"line":85},"6":{"name":"formatCountdown","decl":{"start":{"line":107,"column":11},"end":{"line":107,"column":26}},"loc":{"start":{"line":107,"column":31},"end":{"line":112,"column":null}},"line":107},"7":{"name":"normalizeBookingNumber","decl":{"start":{"line":123,"column":11},"end":{"line":123,"column":33}},"loc":{"start":{"line":123,"column":41},"end":{"line":127,"column":null}},"line":123},"8":{"name":"getStoredBookingNumber","decl":{"start":{"line":135,"column":11},"end":{"line":135,"column":33}},"loc":{"start":{"line":135,"column":49},"end":{"line":138,"column":null}},"line":135},"9":{"name":"safeParseBookingCookie","decl":{"start":{"line":147,"column":11},"end":{"line":147,"column":33}},"loc":{"start":{"line":147,"column":44},"end":{"line":156,"column":null}},"line":147},"10":{"name":"normalizePendingExpiryAt","decl":{"start":{"line":178,"column":11},"end":{"line":178,"column":35}},"loc":{"start":{"line":178,"column":69},"end":{"line":185,"column":null}},"line":178},"11":{"name":"getCurrentStoredSerataId","decl":{"start":{"line":195,"column":11},"end":{"line":195,"column":35}},"loc":{"start":{"line":195,"column":44},"end":{"line":199,"column":null}},"line":195},"12":{"name":"getStatusSerataId","decl":{"start":{"line":207,"column":11},"end":{"line":207,"column":28}},"loc":{"start":{"line":207,"column":37},"end":{"line":211,"column":null}},"line":207},"13":{"name":"getWinnerRevealEndsAtMs","decl":{"start":{"line":220,"column":11},"end":{"line":220,"column":34}},"loc":{"start":{"line":220,"column":43},"end":{"line":226,"column":null}},"line":220},"14":{"name":"setDisplayIndexes","decl":{"start":{"line":236,"column":11},"end":{"line":236,"column":28}},"loc":{"start":{"line":236,"column":35},"end":{"line":250,"column":null}},"line":236},"15":{"name":"(anonymous_15)","decl":{"start":{"line":237,"column":42},"end":{"line":237,"column":50}},"loc":{"start":{"line":237,"column":58},"end":{"line":242,"column":5}},"line":237},"16":{"name":"(anonymous_16)","decl":{"start":{"line":244,"column":26},"end":{"line":244,"column":34}},"loc":{"start":{"line":244,"column":47},"end":{"line":246,"column":5}},"line":244},"17":{"name":"(anonymous_17)","decl":{"start":{"line":247,"column":17},"end":{"line":247,"column":25}},"loc":{"start":{"line":247,"column":33},"end":{"line":249,"column":5}},"line":247},"18":{"name":"buildRanking","decl":{"start":{"line":260,"column":11},"end":{"line":260,"column":23}},"loc":{"start":{"line":260,"column":31},"end":{"line":273,"column":null}},"line":260},"19":{"name":"(anonymous_19)","decl":{"start":{"line":262,"column":11},"end":{"line":262,"column":19}},"loc":{"start":{"line":262,"column":27},"end":{"line":266,"column":7}},"line":262},"20":{"name":"(anonymous_20)","decl":{"start":{"line":267,"column":12},"end":{"line":267,"column":20}},"loc":{"start":{"line":267,"column":28},"end":{"line":272,"column":7}},"line":267}},"branchMap":{"0":{"loc":{"start":{"line":17,"column":2},"end":{"line":25,"column":null}},"type":"if","locations":[{"start":{"line":17,"column":2},"end":{"line":25,"column":null}},{"start":{"line":19,"column":9},"end":{"line":25,"column":null}}],"line":17},"1":{"loc":{"start":{"line":17,"column":6},"end":{"line":17,"column":53}},"type":"binary-expr","locations":[{"start":{"line":17,"column":6},"end":{"line":17,"column":35}},{"start":{"line":17,"column":39},"end":{"line":17,"column":53}}],"line":17},"2":{"loc":{"start":{"line":26,"column":3},"end":{"line":26,"column":83}},"type":"cond-expr","locations":[{"start":{"line":26,"column":39},"end":{"line":26,"column":49}}],"line":26},"3":{"loc":{"start":{"line":35,"column":18},"end":{"line":35,"column":44}},"type":"cond-expr","locations":[{"start":{"line":35,"column":34},"end":{"line":35,"column":36}},{"start":{"line":35,"column":39},"end":{"line":35,"column":44}}],"line":35},"4":{"loc":{"start":{"line":48,"column":18},"end":{"line":48,"column":44}},"type":"cond-expr","locations":[{"start":{"line":48,"column":34},"end":{"line":48,"column":36}},{"start":{"line":48,"column":39},"end":{"line":48,"column":44}}],"line":48},"5":{"loc":{"start":{"line":68,"column":4},"end":{"line":68,"column":null}},"type":"if","locations":[{"start":{"line":68,"column":4},"end":{"line":68,"column":null}},{"start":{},"end":{}}],"line":68},"6":{"loc":{"start":{"line":68,"column":8},"end":{"line":68,"column":39}},"type":"binary-expr","locations":[{"start":{"line":68,"column":8},"end":{"line":68,"column":31}},{"start":{"line":68,"column":35},"end":{"line":68,"column":39}}],"line":68},"7":{"loc":{"start":{"line":68,"column":48},"end":{"line":68,"column":57}},"type":"binary-expr","locations":[{"start":{"line":68,"column":48},"end":{"line":68,"column":51}},{"start":{"line":68,"column":55},"end":{"line":68,"column":57}}],"line":68},"8":{"loc":{"start":{"line":69,"column":15},"end":{"line":71,"column":90}},"type":"cond-expr","locations":[{"start":{"line":70,"column":8},"end":{"line":70,"column":null}},{"start":{"line":71,"column":9},"end":{"line":71,"column":89}}],"line":69},"9":{"loc":{"start":{"line":71,"column":9},"end":{"line":71,"column":89}},"type":"cond-expr","locations":[{"start":{"line":71,"column":60},"end":{"line":71,"column":84}},{"start":{"line":71,"column":87},"end":{"line":71,"column":89}}],"line":71},"10":{"loc":{"start":{"line":71,"column":9},"end":{"line":71,"column":57}},"type":"binary-expr","locations":[{"start":{"line":71,"column":9},"end":{"line":71,"column":38}},{"start":{"line":71,"column":42},"end":{"line":71,"column":57}}],"line":71},"11":{"loc":{"start":{"line":72,"column":4},"end":{"line":72,"column":null}},"type":"if","locations":[{"start":{"line":72,"column":4},"end":{"line":72,"column":null}},{"start":{},"end":{}}],"line":72},"12":{"loc":{"start":{"line":72,"column":8},"end":{"line":72,"column":61}},"type":"binary-expr","locations":[{"start":{"line":72,"column":8},"end":{"line":72,"column":13}},{"start":{"line":72,"column":17},"end":{"line":72,"column":37}},{"start":{"line":72,"column":41},"end":{"line":72,"column":61}}],"line":72},"13":{"loc":{"start":{"line":86,"column":4},"end":{"line":86,"column":null}},"type":"if","locations":[{"start":{"line":86,"column":4},"end":{"line":86,"column":null}},{"start":{},"end":{}}],"line":86},"14":{"loc":{"start":{"line":87,"column":4},"end":{"line":87,"column":null}},"type":"if","locations":[{"start":{"line":87,"column":4},"end":{"line":87,"column":null}},{"start":{},"end":{}}],"line":87},"15":{"loc":{"start":{"line":90,"column":4},"end":{"line":90,"column":null}},"type":"if","locations":[{"start":{"line":90,"column":4},"end":{"line":90,"column":null}},{"start":{},"end":{}}],"line":90},"16":{"loc":{"start":{"line":90,"column":8},"end":{"line":90,"column":31}},"type":"binary-expr","locations":[{"start":{"line":90,"column":8},"end":{"line":90,"column":13}},{"start":{"line":90,"column":17},"end":{"line":90,"column":23}},{"start":{"line":90,"column":27},"end":{"line":90,"column":31}}],"line":90},"17":{"loc":{"start":{"line":92,"column":15},"end":{"line":92,"column":47}},"type":"cond-expr","locations":[{"start":{"line":92,"column":29},"end":{"line":92,"column":35}},{"start":{"line":92,"column":38},"end":{"line":92,"column":47}}],"line":92},"18":{"loc":{"start":{"line":125,"column":4},"end":{"line":125,"column":null}},"type":"if","locations":[{"start":{"line":125,"column":4},"end":{"line":125,"column":null}},{"start":{},"end":{}}],"line":125},"19":{"loc":{"start":{"line":125,"column":8},"end":{"line":125,"column":48}},"type":"binary-expr","locations":[{"start":{"line":125,"column":8},"end":{"line":125,"column":33}},{"start":{"line":125,"column":37},"end":{"line":125,"column":48}}],"line":125},"20":{"loc":{"start":{"line":136,"column":4},"end":{"line":136,"column":null}},"type":"if","locations":[{"start":{"line":136,"column":4},"end":{"line":136,"column":null}},{"start":{},"end":{}}],"line":136},"21":{"loc":{"start":{"line":136,"column":8},"end":{"line":136,"column":59}},"type":"binary-expr","locations":[{"start":{"line":136,"column":8},"end":{"line":136,"column":22}},{"start":{"line":136,"column":26},"end":{"line":136,"column":59}}],"line":136},"22":{"loc":{"start":{"line":148,"column":4},"end":{"line":148,"column":null}},"type":"if","locations":[{"start":{"line":148,"column":4},"end":{"line":148,"column":null}},{"start":{},"end":{}}],"line":148},"23":{"loc":{"start":{"line":151,"column":6},"end":{"line":151,"column":null}},"type":"if","locations":[{"start":{"line":151,"column":6},"end":{"line":151,"column":null}},{"start":{},"end":{}}],"line":151},"24":{"loc":{"start":{"line":151,"column":10},"end":{"line":151,"column":47}},"type":"binary-expr","locations":[{"start":{"line":151,"column":10},"end":{"line":151,"column":17}},{"start":{"line":151,"column":21},"end":{"line":151,"column":47}}],"line":151},"25":{"loc":{"start":{"line":179,"column":4},"end":{"line":179,"column":null}},"type":"if","locations":[{"start":{"line":179,"column":4},"end":{"line":179,"column":null}},{"start":{},"end":{}}],"line":179},"26":{"loc":{"start":{"line":181,"column":4},"end":{"line":181,"column":null}},"type":"if","locations":[{"start":{"line":181,"column":4},"end":{"line":181,"column":null}},{"start":{},"end":{}}],"line":181},"27":{"loc":{"start":{"line":181,"column":8},"end":{"line":181,"column":45}},"type":"binary-expr","locations":[{"start":{"line":181,"column":8},"end":{"line":181,"column":31}},{"start":{"line":181,"column":35},"end":{"line":181,"column":45}}],"line":181},"28":{"loc":{"start":{"line":183,"column":4},"end":{"line":183,"column":null}},"type":"if","locations":[{"start":{"line":183,"column":4},"end":{"line":183,"column":null}},{"start":{},"end":{}}],"line":183},"29":{"loc":{"start":{"line":183,"column":8},"end":{"line":183,"column":53}},"type":"binary-expr","locations":[{"start":{"line":183,"column":8},"end":{"line":183,"column":35}},{"start":{"line":183,"column":39},"end":{"line":183,"column":53}}],"line":183},"30":{"loc":{"start":{"line":196,"column":26},"end":{"line":196,"column":64}},"type":"cond-expr","locations":[{"start":{"line":196,"column":43},"end":{"line":196,"column":46}},{"start":{"line":196,"column":49},"end":{"line":196,"column":64}}],"line":196},"31":{"loc":{"start":{"line":197,"column":4},"end":{"line":197,"column":null}},"type":"if","locations":[{"start":{"line":197,"column":4},"end":{"line":197,"column":null}},{"start":{},"end":{}}],"line":197},"32":{"loc":{"start":{"line":197,"column":8},"end":{"line":197,"column":52}},"type":"binary-expr","locations":[{"start":{"line":197,"column":8},"end":{"line":197,"column":35}},{"start":{"line":197,"column":39},"end":{"line":197,"column":52}}],"line":197},"33":{"loc":{"start":{"line":208,"column":26},"end":{"line":208,"column":65}},"type":"cond-expr","locations":[{"start":{"line":208,"column":43},"end":{"line":208,"column":46}},{"start":{"line":208,"column":49},"end":{"line":208,"column":65}}],"line":208},"34":{"loc":{"start":{"line":209,"column":4},"end":{"line":209,"column":null}},"type":"if","locations":[{"start":{"line":209,"column":4},"end":{"line":209,"column":null}},{"start":{},"end":{}}],"line":209},"35":{"loc":{"start":{"line":209,"column":8},"end":{"line":209,"column":52}},"type":"binary-expr","locations":[{"start":{"line":209,"column":8},"end":{"line":209,"column":35}},{"start":{"line":209,"column":39},"end":{"line":209,"column":52}}],"line":209},"36":{"loc":{"start":{"line":221,"column":14},"end":{"line":223,"column":10}},"type":"cond-expr","locations":[{"start":{"line":222,"column":8},"end":{"line":222,"column":null}},{"start":{"line":223,"column":8},"end":{"line":223,"column":10}}],"line":221},"37":{"loc":{"start":{"line":221,"column":22},"end":{"line":221,"column":89}},"type":"cond-expr","locations":[{"start":{"line":221,"column":39},"end":{"line":221,"column":48}},{"start":{"line":221,"column":51},"end":{"line":221,"column":89}}],"line":221},"38":{"loc":{"start":{"line":225,"column":11},"end":{"line":225,"column":42}},"type":"cond-expr","locations":[{"start":{"line":225,"column":33},"end":{"line":225,"column":35}},{"start":{"line":225,"column":38},"end":{"line":225,"column":42}}],"line":225},"39":{"loc":{"start":{"line":238,"column":36},"end":{"line":238,"column":73}},"type":"cond-expr","locations":[{"start":{"line":238,"column":56},"end":{"line":238,"column":68}},{"start":{"line":238,"column":71},"end":{"line":238,"column":73}}],"line":238},"40":{"loc":{"start":{"line":238,"column":36},"end":{"line":238,"column":53}},"type":"binary-expr","locations":[{"start":{"line":238,"column":36},"end":{"line":238,"column":37}},{"start":{"line":238,"column":41},"end":{"line":238,"column":53}}],"line":238},"41":{"loc":{"start":{"line":239,"column":36},"end":{"line":239,"column":73}},"type":"cond-expr","locations":[{"start":{"line":239,"column":56},"end":{"line":239,"column":68}},{"start":{"line":239,"column":71},"end":{"line":239,"column":73}}],"line":239},"42":{"loc":{"start":{"line":239,"column":36},"end":{"line":239,"column":53}},"type":"binary-expr","locations":[{"start":{"line":239,"column":36},"end":{"line":239,"column":37}},{"start":{"line":239,"column":41},"end":{"line":239,"column":53}}],"line":239},"43":{"loc":{"start":{"line":240,"column":6},"end":{"line":240,"column":null}},"type":"if","locations":[{"start":{"line":240,"column":6},"end":{"line":240,"column":null}},{"start":{},"end":{}}],"line":240},"44":{"loc":{"start":{"line":240,"column":10},"end":{"line":240,"column":77}},"type":"binary-expr","locations":[{"start":{"line":240,"column":10},"end":{"line":240,"column":32}},{"start":{"line":240,"column":36},"end":{"line":240,"column":58}},{"start":{"line":240,"column":62},"end":{"line":240,"column":77}}],"line":240},"45":{"loc":{"start":{"line":241,"column":20},"end":{"line":241,"column":40}},"type":"cond-expr","locations":[{"start":{"line":241,"column":32},"end":{"line":241,"column":36}},{"start":{"line":241,"column":39},"end":{"line":241,"column":40}}],"line":241},"46":{"loc":{"start":{"line":241,"column":20},"end":{"line":241,"column":29}},"type":"binary-expr","locations":[{"start":{"line":241,"column":20},"end":{"line":241,"column":21}},{"start":{"line":241,"column":25},"end":{"line":241,"column":29}}],"line":241},"47":{"loc":{"start":{"line":241,"column":51},"end":{"line":241,"column":71}},"type":"cond-expr","locations":[{"start":{"line":241,"column":63},"end":{"line":241,"column":67}},{"start":{"line":241,"column":70},"end":{"line":241,"column":71}}],"line":241},"48":{"loc":{"start":{"line":241,"column":51},"end":{"line":241,"column":60}},"type":"binary-expr","locations":[{"start":{"line":241,"column":51},"end":{"line":241,"column":52}},{"start":{"line":241,"column":56},"end":{"line":241,"column":60}}],"line":241},"49":{"loc":{"start":{"line":248,"column":27},"end":{"line":248,"column":62}},"type":"binary-expr","locations":[{"start":{"line":248,"column":27},"end":{"line":248,"column":54}},{"start":{"line":248,"column":58},"end":{"line":248,"column":62}}],"line":248},"50":{"loc":{"start":{"line":263,"column":20},"end":{"line":263,"column":56}},"type":"binary-expr","locations":[{"start":{"line":263,"column":20},"end":{"line":263,"column":32}},{"start":{"line":263,"column":36},"end":{"line":263,"column":56}}],"line":263},"51":{"loc":{"start":{"line":264,"column":18},"end":{"line":264,"column":63}},"type":"cond-expr","locations":[{"start":{"line":264,"column":36},"end":{"line":264,"column":59}},{"start":{"line":264,"column":62},"end":{"line":264,"column":63}}],"line":264},"52":{"loc":{"start":{"line":268,"column":8},"end":{"line":268,"column":null}},"type":"if","locations":[{"start":{"line":268,"column":8},"end":{"line":268,"column":null}},{"start":{},"end":{}}],"line":268},"53":{"loc":{"start":{"line":269,"column":8},"end":{"line":269,"column":null}},"type":"if","locations":[{"start":{"line":269,"column":8},"end":{"line":269,"column":null}},{"start":{},"end":{}}],"line":269},"54":{"loc":{"start":{"line":270,"column":8},"end":{"line":270,"column":null}},"type":"if","locations":[{"start":{"line":270,"column":8},"end":{"line":270,"column":null}},{"start":{},"end":{}}],"line":270},"55":{"loc":{"start":{"line":271,"column":22},"end":{"line":271,"column":40}},"type":"binary-expr","locations":[{"start":{"line":271,"column":22},"end":{"line":271,"column":34}},{"start":{"line":271,"column":38},"end":{"line":271,"column":40}}],"line":271},"56":{"loc":{"start":{"line":271,"column":63},"end":{"line":271,"column":81}},"type":"binary-expr","locations":[{"start":{"line":271,"column":63},"end":{"line":271,"column":75}},{"start":{"line":271,"column":79},"end":{"line":271,"column":81}}],"line":271}},"s":{"0":2,"1":2,"2":2,"3":0,"4":0,"5":0,"6":9,"7":8,"8":8,"9":2,"10":6,"11":8,"12":2,"13":4,"14":8,"15":4,"16":8,"17":2,"18":6,"19":6,"20":6,"21":6,"22":6,"23":1,"24":5,"25":9,"26":9,"27":9,"28":9,"29":10,"30":10,"31":7,"32":3,"33":4,"34":2,"35":2,"36":9,"37":2,"38":7,"39":7,"40":7,"41":3,"42":3,"43":1,"44":2,"45":8,"46":1,"47":8,"48":8,"49":1,"50":7,"51":7,"52":3,"53":4,"54":6,"55":6,"56":4,"57":2,"58":4,"59":4,"60":3,"61":1,"62":5,"63":5,"64":5,"65":7,"66":18,"67":18,"68":18,"69":10,"70":8,"71":7,"72":7,"73":16,"74":7,"75":16,"76":17,"77":29,"78":29,"79":29,"80":17,"81":13,"82":4,"83":4,"84":2,"85":0,"86":2,"87":2},"f":{"0":2,"1":2,"2":9,"3":8,"4":8,"5":8,"6":9,"7":10,"8":4,"9":9,"10":8,"11":6,"12":4,"13":5,"14":7,"15":18,"16":16,"17":16,"18":17,"19":29,"20":17},"b":{"0":[2,0],"1":[2,2],"2":[2],"3":[2,7],"4":[2,6],"5":[2,6],"6":[8,7],"7":[2,2],"8":[6,0],"9":[0,0],"10":[0,0],"11":[2,6],"12":[8,6,5],"13":[4,4],"14":[2,6],"15":[1,5],"16":[6,5,5],"17":[4,1],"18":[7,3],"19":[10,6],"20":[2,2],"21":[4,3],"22":[2,7],"23":[3,4],"24":[7,5],"25":[1,7],"26":[1,7],"27":[8,2],"28":[3,4],"29":[7,6],"30":[1,5],"31":[4,2],"32":[6,4],"33":[1,3],"34":[3,1],"35":[4,2],"36":[2,3],"37":[1,4],"38":[1,4],"39":[18,0],"40":[18,18],"41":[18,0],"42":[18,18],"43":[10,8],"44":[18,18,18],"45":[8,0],"46":[8,8],"47":[8,0],"48":[18,8],"49":[16,0],"50":[29,2],"51":[27,2],"52":[13,4],"53":[2,2],"54":[0,2],"55":[2,0],"56":[17,0]},"meta":{"lastBranch":57,"lastFunction":21,"lastStatement":88,"seen":{"s:15:0:292:Infinity":0,"f:15:1:15:9":0,"b:17:2:25:Infinity:19:9:25:Infinity":0,"s:17:2:25:Infinity":1,"b:17:6:17:35:17:39:17:53":1,"s:18:4:18:Infinity":2,"s:20:18:20:27":3,"s:23:4:23:Infinity":4,"s:24:4:24:Infinity":5,"b:26:39:26:49":2,"f:26:85:26:93":1,"f:34:11:34:21":2,"s:35:4:40:Infinity":6,"b:35:34:35:36:35:39:35:44":3,"f:47:11:47:23":3,"s:48:4:53:Infinity":7,"b:48:34:48:36:48:39:48:44":4,"f:67:11:67:24":4,"b:68:4:68:Infinity:undefined:undefined:undefined:undefined":5,"s:68:4:68:Infinity":8,"b:68:8:68:31:68:35:68:39":6,"s:68:41:68:Infinity":9,"b:68:48:68:51:68:55:68:57":7,"s:69:15:71:90":10,"b:70:8:70:Infinity:71:9:71:89":8,"b:71:60:71:84:71:87:71:89":9,"b:71:9:71:38:71:42:71:57":10,"b:72:4:72:Infinity:undefined:undefined:undefined:undefined":11,"s:72:4:72:Infinity":11,"b:72:8:72:13:72:17:72:37:72:41:72:61":12,"s:72:63:72:Infinity":12,"s:73:4:73:Infinity":13,"f:85:11:85:32":5,"b:86:4:86:Infinity:undefined:undefined:undefined:undefined":13,"s:86:4:86:Infinity":14,"s:86:35:86:Infinity":15,"b:87:4:87:Infinity:undefined:undefined:undefined:undefined":14,"s:87:4:87:Infinity":16,"s:87:18:87:Infinity":17,"s:88:16:88:54":18,"s:89:15:89:23":19,"s:89:33:89:41":20,"s:89:49:89:57":21,"b:90:4:90:Infinity:undefined:undefined:undefined:undefined":15,"s:90:4:90:Infinity":22,"b:90:8:90:13:90:17:90:23:90:27:90:31":16,"s:90:33:90:Infinity":23,"s:91:4:97:Infinity":24,"b:92:29:92:35:92:38:92:47":17,"f:107:11:107:26":6,"s:108:19:108:52":25,"s:109:14:109:39":26,"s:110:14:110:27":27,"s:111:4:111:Infinity":28,"f:123:11:123:33":7,"s:124:17:124:30":29,"b:125:4:125:Infinity:undefined:undefined:undefined:undefined":18,"s:125:4:125:Infinity":30,"b:125:8:125:33:125:37:125:48":19,"s:125:50:125:Infinity":31,"s:126:4:126:Infinity":32,"f:135:11:135:33":8,"b:136:4:136:Infinity:undefined:undefined:undefined:undefined":20,"s:136:4:136:Infinity":33,"b:136:8:136:22:136:26:136:59":21,"s:136:61:136:Infinity":34,"s:137:4:137:Infinity":35,"f:147:11:147:33":9,"b:148:4:148:Infinity:undefined:undefined:undefined:undefined":22,"s:148:4:148:Infinity":36,"s:148:19:148:Infinity":37,"s:149:4:155:Infinity":38,"s:150:19:150:39":39,"b:151:6:151:Infinity:undefined:undefined:undefined:undefined":23,"s:151:6:151:Infinity":40,"b:151:10:151:17:151:21:151:47":24,"s:151:49:151:Infinity":41,"s:152:6:152:Infinity":42,"s:154:6:154:Infinity":43,"s:162:35:162:37":44,"f:178:11:178:35":10,"b:179:4:179:Infinity:undefined:undefined:undefined:undefined":25,"s:179:4:179:Infinity":45,"s:179:40:179:Infinity":46,"s:180:17:180:55":47,"b:181:4:181:Infinity:undefined:undefined:undefined:undefined":26,"s:181:4:181:Infinity":48,"b:181:8:181:31:181:35:181:45":27,"s:181:47:181:Infinity":49,"s:182:20:182:51":50,"b:183:4:183:Infinity:undefined:undefined:undefined:undefined":28,"s:183:4:183:Infinity":51,"b:183:8:183:35:183:39:183:53":29,"s:183:55:183:Infinity":52,"s:184:4:184:Infinity":53,"f:195:11:195:35":11,"s:196:19:196:65":54,"b:196:43:196:46:196:49:196:64":30,"b:197:4:197:Infinity:undefined:undefined:undefined:undefined":31,"s:197:4:197:Infinity":55,"b:197:8:197:35:197:39:197:52":32,"s:197:54:197:Infinity":56,"s:198:4:198:Infinity":57,"f:207:11:207:28":12,"s:208:19:208:66":58,"b:208:43:208:46:208:49:208:65":33,"b:209:4:209:Infinity:undefined:undefined:undefined:undefined":34,"s:209:4:209:Infinity":59,"b:209:8:209:35:209:39:209:52":35,"s:209:54:209:Infinity":60,"s:210:4:210:Infinity":61,"f:220:11:220:34":13,"s:221:14:223:10":62,"b:222:8:222:Infinity:223:8:223:10":36,"b:221:39:221:48:221:51:221:89":37,"s:224:13:224:28":63,"s:225:4:225:Infinity":64,"b:225:33:225:35:225:38:225:42":38,"f:236:11:236:28":14,"s:237:24:242:6":65,"f:237:42:237:50":15,"s:238:18:238:75":66,"b:238:56:238:68:238:71:238:73":39,"b:238:36:238:37:238:41:238:53":40,"s:239:18:239:75":67,"b:239:56:239:68:239:71:239:73":41,"b:239:36:239:37:239:41:239:53":42,"b:240:6:240:Infinity:undefined:undefined:undefined:undefined":43,"s:240:6:240:Infinity":68,"b:240:10:240:32:240:36:240:58:240:62:240:77":44,"s:240:79:240:Infinity":69,"s:241:6:241:Infinity":70,"b:241:32:241:36:241:39:241:40":45,"b:241:20:241:21:241:25:241:29":46,"b:241:63:241:67:241:70:241:71":47,"b:241:51:241:52:241:56:241:60":48,"s:243:17:243:26":71,"s:244:4:246:Infinity":72,"f:244:26:244:34":16,"s:245:6:245:Infinity":73,"s:247:4:249:Infinity":74,"f:247:17:247:25":17,"s:248:6:248:Infinity":75,"b:248:27:248:54:248:58:248:62":49,"f:260:11:260:23":18,"s:261:4:272:Infinity":76,"f:262:11:262:19":19,"s:263:20:263:56":77,"b:263:20:263:32:263:36:263:56":50,"s:264:18:264:63":78,"b:264:36:264:59:264:62:264:63":51,"s:265:8:265:Infinity":79,"f:267:12:267:20":20,"b:268:8:268:Infinity:undefined:undefined:undefined:undefined":52,"s:268:8:268:Infinity":80,"s:268:43:268:Infinity":81,"b:269:8:269:Infinity:undefined:undefined:undefined:undefined":53,"s:269:8:269:Infinity":82,"s:269:39:269:Infinity":83,"b:270:8:270:Infinity:undefined:undefined:undefined:undefined":54,"s:270:8:270:Infinity":84,"s:270:43:270:Infinity":85,"s:271:8:271:Infinity":86,"b:271:22:271:34:271:38:271:40":55,"b:271:63:271:75:271:79:271:81":56,"s:275:2:291:Infinity":87}}}
}
